2026-03-24 15:29:21,696  INFO      GHL conectado: Keyner Guerrero
2026-03-24 15:29:22,099  INFO      Pipeline encontrado: 'Contratistas Latinos' / 'Nuevo Lead'
2026-03-24 15:29:22,146  INFO      CSV cargado: 4007 leads totales
2026-03-24 15:29:22,146  INFO      Leads pendientes: 10
2026-03-24 15:29:22,594  WARNING     No se pudo verificar duplicado para Brothers Heating & Cooling Inc. & Brothers Perfect Construction LLC: 422 Client Error: Unprocessable Entity for url: https://services.leadconnectorhq.com/contacts/search/duplicate?locationId=Ad97JtummurPW7lyvKSz&phone=%2B17733877394
2026-03-24 15:29:22,989  ERROR       ERROR creando contacto 'Brothers Heating & Cooling Inc. & Brothers Perfect Construction LLC': 422 Client Error: Unprocessable Entity for url: https://services.leadconnectorhq.com/contacts/
2026-03-24 15:29:23,369  WARNING     No se pudo verificar duplicado para Hermanos HVAC: 422 Client Error: Unprocessable Entity for url: https://services.leadconnectorhq.com/contacts/search/duplicate?locationId=Ad97JtummurPW7lyvKSz&phone=%2B17733680896
2026-03-24 15:29:23,748  ERROR       ERROR creando contacto 'Hermanos HVAC': 422 Client Error: Unprocessable Entity for url: https://services.leadconnectorhq.com/contacts/
2026-03-24 15:29:24,137  WARNING     No se pudo verificar duplicado para CENTRO TECNICO LATINO USA: 422 Client Error: Unprocessable Entity for url: https://services.leadconnectorhq.com/contacts/search/duplicate?locationId=Ad97JtummurPW7lyvKSz&phone=%2B18328979711
2026-03-24 15:29:24,528  ERROR       ERROR creando contacto 'CENTRO TECNICO LATINO USA': 422 Client Error: Unprocessable Entity for url: https://services.leadconnectorhq.com/contacts/
2026-03-24 15:29:24,919  WARNING     No se pudo verificar duplicado para Latino's Ready Mix Concrete, LLC: 422 Client Error: Unprocessable Entity for url: https://services.leadconnectorhq.com/contacts/search/duplicate?locationId=Ad97JtummurPW7lyvKSz&phone=%2B12147528553
2026-03-24 15:29:25,299  ERROR       ERROR creando contacto 'Latino's Ready Mix Concrete, LLC': 422 Client Error: Unprocessable Entity for url: https://services.leadconnectorhq.com/contacts/
2026-03-24 15:29:25,676  WARNING     No se pudo verificar duplicado para ENCUENTRO HISPANO: 422 Client Error: Unprocessable Entity for url: https://services.leadconnectorhq.com/contacts/search/duplicate?locationId=Ad97JtummurPW7lyvKSz&phone=%2B12139098095
2026-03-24 15:29:26,038  ERROR       ERROR creando contacto 'ENCUENTRO HISPANO': 422 Client Error: Unprocessable Entity for url: https://services.leadconnectorhq.com/contacts/
2026-03-24 15:29:26,563  WARNING     No se pudo verificar duplicado para Remodelaciones Pintura Exterior Interior Dayron Miami: 422 Client Error: Unprocessable Entity for url: https://services.leadconnectorhq.com/contacts/search/duplicate?locationId=Ad97JtummurPW7lyvKSz&phone=%2B17864319974
2026-03-24 15:29:26,920  ERROR       ERROR creando contacto 'Remodelaciones Pintura Exterior Interior Dayron Miami': 422 Client Error: Unprocessable Entity for url: https://services.leadconnectorhq.com/contacts/
2026-03-24 15:29:27,278  WARNING     No se pudo verificar duplicado para Home Remodeling Services/ Servicios de Remodelacion: 422 Client Error: Unprocessable Entity for url: https://services.leadconnectorhq.com/contacts/search/duplicate?locationId=Ad97JtummurPW7lyvKSz&phone=%2B17865682007
2026-03-24 15:29:27,846  ERROR       ERROR creando contacto 'Home Remodeling Services/ Servicios de Remodelacion': 422 Client Error: Unprocessable Entity for url: https://services.leadconnectorhq.com/contacts/
2026-03-24 15:29:28,232  WARNING     No se pudo verificar duplicado para Clases de Aire Acondicionado y Electricidad en Miami/ Fundación Latina USA/H.V.A.C: 422 Client Error: Unprocessable Entity for url: https://services.leadconnectorhq.com/contacts/search/duplicate?locationId=Ad97JtummurPW7lyvKSz&phone=%2B17866506600
2026-03-24 15:29:28,623  ERROR       ERROR creando contacto 'Clases de Aire Acondicionado y Electricidad en Miami/ Fundación Latina USA/H.V.A.C': 422 Client Error: Unprocessable Entity for url: https://services.leadconnectorhq.com/contacts/
2026-03-24 15:29:29,006  WARNING     No se pudo verificar duplicado para Thomas Brothers Remodeling: 422 Client Error: Unprocessable Entity for url: https://services.leadconnectorhq.com/contacts/search/duplicate?locationId=Ad97JtummurPW7lyvKSz&phone=%2B17197455100
2026-03-24 15:29:29,379  ERROR       ERROR creando contacto 'Thomas Brothers Remodeling': 422 Client Error: Unprocessable Entity for url: https://services.leadconnectorhq.com/contacts/
