2026-03-25 21:53:04,864  INFO      CSV cargado: 93 leads totales
2026-03-25 21:53:04,873  INFO      Leads pendientes: 93
2026-03-25 21:53:04,874  INFO      Leads pendientes: 93 | Con email: 93
2026-03-25 21:53:04,875  INFO        [DRY RUN] Liberte Construction | email: admin@liberteconstruction.com | Tags: ['hot']
2026-03-25 21:53:04,877  INFO        [DRY RUN] Sela Roofing & Remodeling | email: info@selaroofing.com | Tags: ['hot']
2026-03-25 21:53:04,879  INFO        [DRY RUN] R & R Roofing Inc. | email: rrroofing77@gmail.com | Tags: ['hot']
2026-03-25 21:53:04,881  INFO        [DRY RUN] Kaufman Roofing | email: info@kaufmanroofing.com | Tags: ['hot']
2026-03-25 21:53:04,882  INFO        [DRY RUN] Bayport Roofing and Siding | email: info@bayportroofing.com | Tags: ['hot']
2026-03-25 21:53:04,883  INFO        [DRY RUN] eRoof | email: quote@eroofquote.com | Tags: ['hot']
2026-03-25 21:53:04,885  INFO        [DRY RUN] All Ears Roofing - Minnesota | email: info@allearsroofing.com | Tags: ['hot']
2026-03-25 21:53:04,886  INFO        [DRY RUN] Twin City Roofing Construction Specialists, Inc. | email: support@twincityroofing.com | Tags: ['hot']
2026-03-25 21:53:04,887  INFO        [DRY RUN] Anchor Roofing & Exteriors | email: stu@anchorroofingmn.com | Tags: ['hot']
2026-03-25 21:53:04,888  INFO        [DRY RUN] Viking Contractors, LLC | email: info@vikingcontractorsllc.com | Tags: ['hot']
2026-03-25 21:53:04,890  INFO        [DRY RUN] 22nd Century Roofing | email: main@22ndcenturyroofing.com | Tags: ['hot']
2026-03-25 21:53:04,891  INFO        [DRY RUN] Craftsmen Home Improvements, Inc. | email: contact@chi-service.com | Tags: ['hot']
2026-03-25 21:53:04,893  INFO        [DRY RUN] Shelter Construction, LLC | email: info@shelter-usa.com | Tags: ['hot']
2026-03-25 21:53:04,894  INFO        [DRY RUN] New Life Contracting, Inc. | email: hello@newlifecontracting.com | Tags: ['hot']
2026-03-25 21:53:04,896  INFO        [DRY RUN] Soderlin Plumbing, Heating & Air Conditioning | email: info@soderlin.com | Tags: ['hot']
2026-03-25 21:53:04,897  INFO        [DRY RUN] Ron the Sewer Rat | email: info@ronthesewerrat.com | Tags: ['hot']
2026-03-25 21:53:04,898  INFO        [DRY RUN] Bedrock Plumbing & Drain Cleaning | email: service@bedrockplumbers.com | Tags: ['hot']
2026-03-25 21:53:04,899  INFO        [DRY RUN] Blue Yeti HVAC & Plumbing Services | email: support@blueyetiservices.com | Tags: ['hot']
2026-03-25 21:53:04,900  INFO        [DRY RUN] Sabastian and Sons Plumbing Service LLC | email: snsplumbing.net@gmail.com | Tags: ['hot']
2026-03-25 21:53:04,901  INFO        [DRY RUN] MN Plumbing & Home Services | email: info@mnplumbing.com | Tags: ['hot']
2026-03-25 21:53:04,901  INFO        [DRY RUN] Water Heaters Now! | email: solutions@waterheatersnow.com | Tags: ['hot']
2026-03-25 21:53:04,901  INFO        [DRY RUN] Mark's Plumbing Service & Repair | email: info@marksplumbingservice.com | Tags: ['hot']
2026-03-25 21:53:04,901  INFO        [DRY RUN] Norblom Plumbing | email: service@norblomplumbing.com | Tags: ['hot']
2026-03-25 21:53:04,901  INFO        [DRY RUN] Service Star Plumbing | email: contactservicestar@gmail.com | Tags: ['hot']
2026-03-25 21:53:04,901  INFO        [DRY RUN] Varsity Painters | email: info@varsitypainters.com | Tags: ['hot']
2026-03-25 21:53:04,901  INFO        [DRY RUN] Headwaters Painting | email: hello@headwaterspainting.com | Tags: ['hot']
2026-03-25 21:53:04,901  INFO        [DRY RUN] On A Roll LLC | email: damon@onarollmn.com | Tags: ['hot']
2026-03-25 21:53:04,901  INFO        [DRY RUN] Home Drywall & Painting | email: info@homempls.com | Tags: ['hot']
2026-03-25 21:53:04,901  INFO        [DRY RUN] M. Carlson Painting | email: info@mcarlsonpainting.com | Tags: ['hot']
2026-03-25 21:53:04,901  INFO        [DRY RUN] Durahome Painting Plus | email: info@my-domain.com | Tags: ['hot']
2026-03-25 21:53:04,901  INFO        [DRY RUN] OKeefe Painting | email: conor@okeefepainting.com | Tags: ['hot']
2026-03-25 21:53:04,901  INFO        [DRY RUN] BLUE Painting | email: hello@bluepainting.com | Tags: ['hot']
2026-03-25 21:53:04,901  INFO        [DRY RUN] Top-Tier Professional Painting | email: toptierpropainting@gmail.com | Tags: ['hot']
2026-03-25 21:53:04,901  INFO        [DRY RUN] Flannery Painting | email: johnflannery@comcast.net | Tags: ['hot']
2026-03-25 21:53:04,901  INFO        [DRY RUN] Ojeda Drywall & Painting | email: info@ojedadrywall.com | Tags: ['hot']
2026-03-25 21:53:04,901  INFO        [DRY RUN] M P Johnson Construction, Inc. | email: info@mpjohnson.com | Tags: ['hot', 'servicio-seo']
2026-03-25 21:53:04,917  INFO        [DRY RUN] Nordic Construction Llc | email: ryan@nordicconstructionllc.com | Tags: ['hot', 'servicio-seo']
2026-03-25 21:53:04,917  INFO        [DRY RUN] Kenzo Construction | email: dylan@kenzoconstruction.com | Tags: ['hot', 'servicio-seo']
2026-03-25 21:53:04,917  INFO        [DRY RUN] Priority Roofing | email: minneapolis@priorityroofs.com | Tags: ['hot', 'servicio-seo']
2026-03-25 21:53:04,917  INFO        [DRY RUN] Exceptional Exteriors | Roofing Contractors | MINNESOTA | email: admin@exceptionalexil.com | Tags: ['hot', 'servicio-seo']
2026-03-25 21:53:04,917  INFO        [DRY RUN] Classic Concepts Painting and Renovations | email: cc.classicconcepts@gmail.com | Tags: ['hot', 'servicio-seo']
2026-03-25 21:53:04,917  INFO        [DRY RUN] Ring Construction | email: joe@justaringaway.com | Tags: ['hot', 'servicio-seo']
2026-03-25 21:53:04,917  INFO        [DRY RUN] Complete Construction of Mpls | email: contact@ccmpls.com | Tags: ['hot']
2026-03-25 21:53:04,917  INFO        [DRY RUN] Grizzly Construction | email: hello@grizzlyconstructionmn.com | Tags: ['hot']
2026-03-25 21:53:04,917  INFO        [DRY RUN] Muse Remodeling | email: museremodeling@gmail.com | Tags: ['hot']
2026-03-25 21:53:04,917  INFO        [DRY RUN] Elysian Construction | email: info@elysianbuilt.com | Tags: ['hot']
2026-03-25 21:53:04,917  INFO        [DRY RUN] Urban Renovations LLC | email: ur@urbanrenovationsmn.com | Tags: ['hot']
2026-03-25 21:53:04,917  INFO        [DRY RUN] Simon Construction | email: info@simonconstruction.com | Tags: ['hot', 'servicio-seo']
2026-03-25 21:53:04,917  INFO        [DRY RUN] Tusk Builders | email: hello@tuskbuilders.com | Tags: ['hot', 'servicio-seo']
2026-03-25 21:53:04,917  INFO        [DRY RUN] JoNick Construction | email: info@jonickconstruction.com | Tags: ['hot']
2026-03-25 21:53:04,917  INFO        [DRY RUN] Prima Construction | email: info@prima-construction.com | Tags: ['hot']
2026-03-25 21:53:04,917  INFO        [DRY RUN] Red Fox Remodeling | email: info@redfoxremodeling.com | Tags: ['hot', 'servicio-seo']
2026-03-25 21:53:04,932  INFO        [DRY RUN] Wonderwoman Construction | email: info@wonderwomanconstruction.com | Tags: ['hot', 'servicio-seo']
2026-03-25 21:53:04,932  INFO        [DRY RUN] M General Contractors | email: info@mgencon.com | Tags: ['hot', 'servicio-seo']
2026-03-25 21:53:04,932  INFO        [DRY RUN] Mn Construction & Remodeling INC | email: minnesotaalltiling@gmail.com | Tags: ['hot']
2026-03-25 21:53:04,932  INFO        [DRY RUN] Sylvestre Remodeling & Design | email: info@sylvestreconstruction.com | Tags: ['hot', 'servicio-seo']
2026-03-25 21:53:04,932  INFO        [DRY RUN] Perry & Horton Construction INC | email: info@phmnconstruction.com | Tags: ['hot', 'servicio-seo']
2026-03-25 21:53:04,932  INFO        [DRY RUN] D.S. Bahr Construction, Inc. | email: dsbahr@citlink.net | Tags: ['hot', 'servicio-seo']
2026-03-25 21:53:04,932  INFO        [DRY RUN] A. DeTomaso Construction | email: farrah@adcmn.com | Tags: ['hot']
2026-03-25 21:53:04,932  INFO        [DRY RUN] Avalon Construction Inc. | email: alex@avalon-construction.net | Tags: ['hot', 'servicio-seo']
2026-03-25 21:53:04,932  INFO        [DRY RUN] Central Roofing Company | email: info@centralroofing.com | Tags: ['hot']
2026-03-25 21:53:04,932  INFO        [DRY RUN] Midwest Roof & Solar | email: info@midwestroofandsolar.com | Tags: ['hot']
2026-03-25 21:53:04,932  INFO        [DRY RUN] Roof Repair PHD | email: roofrepairphd@gmail.com | Tags: ['hot']
2026-03-25 21:53:04,932  INFO        [DRY RUN] Crown Roofing & Restoration | email: info@buildthecrown.com | Tags: ['hot']
2026-03-25 21:53:04,932  INFO        [DRY RUN] First Choice Builds | email: info@firstchoicebuilds.com | Tags: ['hot']
2026-03-25 21:53:04,932  INFO        [DRY RUN] Action Roofing & Siding LLC | email: action@actionroofing.net | Tags: ['hot']
2026-03-25 21:53:04,932  INFO        [DRY RUN] Best Choice Roofing | email: yournewroof@bestchoiceroofing.com | Tags: ['hot']
2026-03-25 21:53:04,949  INFO        [DRY RUN] CM ROOFING LLC | email: info@mysite.com | Tags: ['hot', 'servicio-seo']
2026-03-25 21:53:04,949  INFO        [DRY RUN] Pro Exteriors LLC | email: steve@proexteriorsmn.com | Tags: ['hot']
2026-03-25 21:53:04,951  INFO        [DRY RUN] Roofers of Minnesota Company | email: rick@roofersofminnesota.com | Tags: ['hot']
2026-03-25 21:53:04,953  INFO        [DRY RUN] Midwest Building Exteriors | email: office@mnmbe.com | Tags: ['hot']
2026-03-25 21:53:04,953  INFO        [DRY RUN] Alpha Plumbing.Heating.Cooling | email: customersupport@callalphamn.com | Tags: ['hot']
2026-03-25 21:53:04,955  INFO        [DRY RUN] Voda Plumbing Inc. | email: vodaplumbing@gmail.com | Tags: ['hot', 'servicio-seo']
2026-03-25 21:53:04,955  INFO        [DRY RUN] Blaylock Plumbing Co | email: info@blaylockplumbing.com | Tags: ['hot']
2026-03-25 21:53:04,957  INFO        [DRY RUN] Southtown Plumbing inc. | email: plumber@southtownplumbing.com | Tags: ['hot', 'servicio-seo']
2026-03-25 21:53:04,957  INFO        [DRY RUN] Peterson Plumbing | email: alexp@petersonplumbingllc.com | Tags: ['hot']
2026-03-25 21:53:04,959  INFO        [DRY RUN] Modern Plumbing & Heating | email: customerservice@modernplumb.com | Tags: ['hot']
2026-03-25 21:53:04,961  INFO        [DRY RUN] Brennan Heikes Professional Painting LLC | email: brennan@brennanheikespainting.com | Tags: ['hot']
2026-03-25 21:53:04,961  INFO        [DRY RUN] Edina Painting Company | email: gf@edinapainting.com | Tags: ['hot', 'servicio-seo']
2026-03-25 21:53:04,963  INFO        [DRY RUN] FoxFire Painting LLC | email: foxfirepainting@gmail.com | Tags: ['hot', 'servicio-seo']
2026-03-25 21:53:04,965  INFO        [DRY RUN] Cesar's Painting | email: info@cesarspaintingllc.com | Tags: ['hot']
2026-03-25 21:53:04,965  INFO        [DRY RUN] Rowland Paint LLC | email: info@rowlandpaint.com | Tags: ['hot', 'servicio-seo']
2026-03-25 21:53:04,967  INFO        [DRY RUN] Stone Valley Contractors | email: info@stonevalleypainting.com | Tags: ['hot']
2026-03-25 21:53:04,969  INFO        [DRY RUN] Brushed Monkey, Inc. | email: interiorarts@brushedmonkey.com | Tags: ['hot']
2026-03-25 21:53:04,969  INFO        [DRY RUN] Three Guys LLC | email: info@three-guys.net | Tags: ['hot', 'servicio-seo']
2026-03-25 21:53:04,969  INFO        [DRY RUN] H B Painting Co. | email: mark@hbpainting.com | Tags: ['hot']
2026-03-25 21:53:04,969  INFO        [DRY RUN] Pro City Painters | email: cole@procitypainters.com | Tags: ['hot', 'servicio-seo']
2026-03-25 21:53:04,969  INFO        [DRY RUN] All Star Painters | email: eloy.allstars@gmail.com | Tags: ['hot']
2026-03-25 21:53:04,975  INFO        [DRY RUN] Woodland Painting, Inc. | email: todd@woodlandpainting.com | Tags: ['hot']
2026-03-25 21:53:04,976  INFO        [DRY RUN] Affordable painting | email: p.solliday@comcast.net | Tags: ['hot', 'servicio-seo']
2026-03-25 21:53:04,979  INFO        [DRY RUN] Allens Perfect Painting LLC | email: allensperfectpainting@gmail.com | Tags: ['hot', 'servicio-seo']
2026-03-25 21:53:04,980  INFO        [DRY RUN] JW Landscaping and Remodeling | email: jwlandscapingremodeling@gmail.com | Tags: ['hot', 'servicio-seo']
